{
  "stats": {
    "suites": 1,
    "tests": 12,
    "passes": 11,
    "pending": 0,
    "failures": 1,
    "start": "2020-07-24T08:02:57.597Z",
    "end": "2020-07-24T08:04:21.769Z",
    "duration": 84172,
    "testsRegistered": 12,
    "passPercent": 91.66666666666666,
    "pendingPercent": 0,
    "other": 0,
    "hasOther": false,
    "skipped": 0,
    "hasSkipped": false
  },
  "results": [
    {
      "uuid": "332afb96-c571-485e-82b1-0df11570e4c5",
      "title": "",
      "fullFile": "cypress/integration/PH12-default.js",
      "file": "cypress/integration/PH12-default.js",
      "beforeHooks": [],
      "afterHooks": [],
      "tests": [],
      "suites": [
        {
          "uuid": "bbc7acbe-e074-434c-b218-6e2b0e65b278",
          "title": "PH12-产品详情页元素检查-default",
          "fullFile": "",
          "file": "",
          "beforeHooks": [],
          "afterHooks": [],
          "tests": [
            {
              "title": "nav-bar",
              "fullTitle": "PH12-产品详情页元素检查-default nav-bar",
              "timedOut": null,
              "duration": 7327,
              "state": "passed",
              "speed": "slow",
              "pass": true,
              "fail": false,
              "pending": false,
              "context": null,
              "code": "cy.get('li').contains('产品特色').should('have.class', 'ws-tab__item ws-tab__item--selected');\ncy.get('li').contains('理赔说明').should('have.class', 'ws-tab__item').click(); // cy.get('li')\n//   .contains('理赔说明')\n//   .should('have.class', 'ws-tab__item ws-tab__item--selected')\ncy.get('li').contains(/我要领取|我要投保/).should('have.class', 'ws-tab__item').click(); // cy.get('li')\n//   .contains(/我要领取|我要投保/)\n//   .should('have.class', 'ws-tab__item ws-tab__item--selected')\ncy.get('li').contains('产品特色').should('have.class', 'ws-tab__item').click(); //\n// cy.get('li')\n//   .contains('产品特色')\n//   .should('have.class', 'ws-tab__item ws-tab__item--selected')",
              "err": {},
              "uuid": "437aef19-2cf5-42a2-8bff-9e2d963a0a1b",
              "parentUUID": "bbc7acbe-e074-434c-b218-6e2b0e65b278",
              "isHook": false,
              "skipped": false
            },
            {
              "title": "理赔说明组件",
              "fullTitle": "PH12-产品详情页元素检查-default 理赔说明组件",
              "timedOut": null,
              "duration": 10156,
              "state": "passed",
              "speed": "slow",
              "pass": true,
              "fail": false,
              "pending": false,
              "context": null,
              "code": "cy.get('h3').contains('理赔说明').should('have.class', 'ws-panel__title');\ncy.get('h3').contains('第1步: 理赔报案').should('have.class', 'ws-step__header-text');\ncy.get('h3').contains('第2步: 提交理赔资料').should('have.class', 'ws-step__header-text');\ncy.get('h3').contains('第3步: 完成理赔').should('have.class', 'ws-step__header-text'); // 点击链接然后看页面是否拉取到东西（没有做很仔细的校验）\ncy.get('a').contains('理赔须知').click().wait(3000).go('back');",
              "err": {},
              "uuid": "bf383ff3-aa22-48ae-abfd-2676a5b3faaf",
              "parentUUID": "bbc7acbe-e074-434c-b218-6e2b0e65b278",
              "isHook": false,
              "skipped": false
            },
            {
              "title": "本人信息（投保人）填写",
              "fullTitle": "PH12-产品详情页元素检查-default 本人信息（投保人）填写",
              "timedOut": null,
              "duration": 9586,
              "state": "failed",
              "speed": null,
              "pass": false,
              "fail": true,
              "pending": false,
              "context": "\"screenshots/PH12-default.js/PH12-产品详情页元素检查-default -- 本人信息（投保人）填写 (failed).png\"",
              "code": "cy.get('label').contains('姓名').parent().children('input').should('have.attr', 'placeholder', '请输入您的姓名').type(\"测试名\");\ncy.get('label').contains('身份证').parent().children('input').should('have.attr', 'placeholder', '信息保密，仅用于投保').type(\"111111201908191110\");\ncy.get('label').contains('手机号码').parent().children('input').should('have.attr', 'placeholder', '信息保密，仅用于投保').type(\"13111111111\");",
              "err": {
                "message": "AssertionError: Timed out retrying: expected '<input.ws-field__input-content>' to have attribute 'placeholder' with the value '请输入您的姓名', but the value was '请输入父母姓名'",
                "estack": "AssertionError: Timed out retrying: expected '<input.ws-field__input-content>' to have attribute 'placeholder' with the value '请输入您的姓名', but the value was '请输入父母姓名'\n    at Context.eval (https://www.wesure.cn/__cypress/tests?p=cypress/integration/PH12-default.js:84:63)",
                "diff": "- '请输入父母姓名'\n+ '请输入您的姓名'\n"
              },
              "uuid": "1a62258f-0416-470e-b789-b9c2eaad9613",
              "parentUUID": "bbc7acbe-e074-434c-b218-6e2b0e65b278",
              "isHook": false,
              "skipped": false
            },
            {
              "title": "有无社保按钮",
              "fullTitle": "PH12-产品详情页元素检查-default 有无社保按钮",
              "timedOut": null,
              "duration": 6263,
              "state": "passed",
              "speed": "slow",
              "pass": true,
              "fail": false,
              "pending": false,
              "context": null,
              "code": "cy.get('span').contains('有社保(含新农合)').parent().should('have.class', 'ws-radio-group__radio ws-radio-group__radio--checked');\ncy.get('.ws-radio-group__radio-text').contains('无社保').parent().should('have.class', 'ws-radio-group__radio').click().should('have.class', 'ws-radio-group__radio ws-radio-group__radio--checked');\ncy.get('span').contains('有社保(含新农合)').parent().should('have.class', 'ws-radio-group__radio').click().should('have.class', 'ws-radio-group__radio ws-radio-group__radio--checked');",
              "err": {},
              "uuid": "cfbef18e-f67d-483a-9f7a-01a3a6eccff1",
              "parentUUID": "bbc7acbe-e074-434c-b218-6e2b0e65b278",
              "isHook": false,
              "skipped": false
            },
            {
              "title": "缴费方式",
              "fullTitle": "PH12-产品详情页元素检查-default 缴费方式",
              "timedOut": null,
              "duration": 6214,
              "state": "passed",
              "speed": "slow",
              "pass": true,
              "fail": false,
              "pending": false,
              "context": null,
              "code": "cy.get('span').contains('按月缴费').parent().should('have.class', 'ws-radio-group__radio ws-radio-group__radio--checked');\ncy.get('.ws-radio-group__radio-text').contains('全额缴清').parent().should('have.class', 'ws-radio-group__radio').click().should('have.class', 'ws-radio-group__radio ws-radio-group__radio--checked');\ncy.get('span').contains('按月缴费').parent().should('have.class', 'ws-radio-group__radio').click().should('have.class', 'ws-radio-group__radio ws-radio-group__radio--checked');",
              "err": {},
              "uuid": "6719b1bf-af95-4893-99b8-a766f6423877",
              "parentUUID": "bbc7acbe-e074-434c-b218-6e2b0e65b278",
              "isHook": false,
              "skipped": false
            },
            {
              "title": "自动续保组件",
              "fullTitle": "PH12-产品详情页元素检查-default 自动续保组件",
              "timedOut": null,
              "duration": 5704,
              "state": "passed",
              "speed": "slow",
              "pass": true,
              "fail": false,
              "pending": false,
              "context": null,
              "code": "cy.get('span.ws-radio-group__radio-text').contains('免费开通').parent().eq(0).should('have.class', 'ws-radio-group__radio--checked');\ncy.get('span.ws-radio-group__radio-text').contains('暂不开通').eq(0).click().parent().should('have.class', 'ws-radio-group__radio--checked');\ncy.get('span.ws-radio-group__radio-text').contains('免费开通').should('not.have.class', 'ws-radio-group__radio--rec');",
              "err": {},
              "uuid": "bec8af67-c5f0-412f-95dd-b6811b127246",
              "parentUUID": "bbc7acbe-e074-434c-b218-6e2b0e65b278",
              "isHook": false,
              "skipped": false
            },
            {
              "title": "常见问题组件",
              "fullTitle": "PH12-产品详情页元素检查-default 常见问题组件",
              "timedOut": null,
              "duration": 5847,
              "state": "passed",
              "speed": "slow",
              "pass": true,
              "fail": false,
              "pending": false,
              "context": null,
              "code": "cy.get('h3').contains('常见问题').should('have.class', 'ws-panel__title');\ncy.get('span').contains('有了医保，还需要购买癌症医疗险吗？').should('have.class', 'product-faq__question-title');\ncy.get('span').contains('这款产品可以报销质子重离子医疗费吗？').should('have.class', 'product-faq__question-title');\ncy.get('span').contains('我目前有某种疾病或症状，能购买这款产品吗？').should('have.class', 'product-faq__question-title'); // cy.get('div')\n//   .contains('更多问题')",
              "err": {},
              "uuid": "597f307e-781f-4320-8159-78db9d31eaa3",
              "parentUUID": "bbc7acbe-e074-434c-b218-6e2b0e65b278",
              "isHook": false,
              "skipped": false
            },
            {
              "title": "页面底部投保须知及声明",
              "fullTitle": "PH12-产品详情页元素检查-default 页面底部投保须知及声明",
              "timedOut": null,
              "duration": 6680,
              "state": "passed",
              "speed": "slow",
              "pass": true,
              "fail": false,
              "pending": false,
              "context": null,
              "code": "cy.get('span').contains('投保须知').click();\ncy.wait(1000);\ncy.get('body').should('have.class', 'van-overflow-hidden'); // cy.get('iframe.link-popup__iframe-wrapper')\n//   .iframe('div.wesure-section')\n//   .contains('《保单样本》')\n//   .should('have.attr', 'href', 'file://product/PA24/file/policy_sample.pdf?t=20190816')\n// 关掉这个浮层\ncy.get('i.link-popup__close-icon').click();",
              "err": {},
              "uuid": "79376b72-9305-499f-8a46-20508884cfe2",
              "parentUUID": "bbc7acbe-e074-434c-b218-6e2b0e65b278",
              "isHook": false,
              "skipped": false
            },
            {
              "title": "页面底部隐私政策",
              "fullTitle": "PH12-产品详情页元素检查-default 页面底部隐私政策",
              "timedOut": null,
              "duration": 5848,
              "state": "passed",
              "speed": "slow",
              "pass": true,
              "fail": false,
              "pending": false,
              "context": null,
              "code": "cy.get('span.link-popup-group__link-item').contains('隐私政策').click(); // cy.wait(3000)\n// 加载过慢则会导致用例挂掉\n// cy.get('iframe.link-popup__iframe-wrapper')\n//   .iframe('div.the-canvas-1')\n//   .should('have.class', 'container')\n// 关掉这个浮层\ncy.get('i.link-popup__close-icon').click();",
              "err": {},
              "uuid": "6f7670b3-7e60-4060-a12a-ca7d3da88b24",
              "parentUUID": "bbc7acbe-e074-434c-b218-6e2b0e65b278",
              "isHook": false,
              "skipped": false
            },
            {
              "title": "页面底部保险条款",
              "fullTitle": "PH12-产品详情页元素检查-default 页面底部保险条款",
              "timedOut": null,
              "duration": 6584,
              "state": "passed",
              "speed": "slow",
              "pass": true,
              "fail": false,
              "pending": false,
              "context": null,
              "code": "cy.get('span.link-popup-group__link-item').contains('保险条款').click();\ncy.wait(1000); // cy.get('iframe.link-popup__iframe-wrapper')\n//   .iframe('span')\n//   .contains('个人人身意外伤害保险条款')\n// 关掉这个浮层\ncy.get('i.link-popup__close-icon').click();",
              "err": {},
              "uuid": "3db45140-fce5-479b-b051-62e58fbfe3ed",
              "parentUUID": "bbc7acbe-e074-434c-b218-6e2b0e65b278",
              "isHook": false,
              "skipped": false
            },
            {
              "title": "保障计划",
              "fullTitle": "PH12-产品详情页元素检查-default 保障计划",
              "timedOut": null,
              "duration": 6918,
              "state": "passed",
              "speed": "slow",
              "pass": true,
              "fail": false,
              "pending": false,
              "context": null,
              "code": "cy.get('h3.ws-panel__title').contains('保障计划');\ncy.get('h3.ws-panel__title').parent().parent().get('div.product-combo-v2__more').contains('查看更多').click();\ncy.get('div.ws-list__title').contains('癌症医疗保险金').parent().children().contains('200万');\ncy.get('div.ws-list__title').contains('投保年龄').parent().children().contains('0-80周岁');\ncy.get('div.ws-list__title').contains('保险期限').parent().children().contains('1年');\ncy.get('div.ws-list__title').contains('续保条件').parent().children().contains('原位癌可续，恶性肿瘤理赔后不可续保');\ncy.get('a').contains('查看详情').click();\ncy.get('strong').contains('投保年龄').go('back');",
              "err": {},
              "uuid": "5ace97a3-c4f9-47cb-81a8-34f1a80f5be9",
              "parentUUID": "bbc7acbe-e074-434c-b218-6e2b0e65b278",
              "isHook": false,
              "skipped": false
            },
            {
              "title": "默认报价",
              "fullTitle": "PH12-产品详情页元素检查-default 默认报价",
              "timedOut": null,
              "duration": 5309,
              "state": "passed",
              "speed": "slow",
              "pass": true,
              "fail": false,
              "pending": false,
              "context": null,
              "code": "cy.get('div.product-premium__premium-discount-top').contains('首月￥3');\ncy.get('div.product-premium__premium-discount-bottom').contains('次月起￥4起/月');",
              "err": {},
              "uuid": "31108ee3-46d5-41cc-9bb6-0e00c253fb41",
              "parentUUID": "bbc7acbe-e074-434c-b218-6e2b0e65b278",
              "isHook": false,
              "skipped": false
            }
          ],
          "suites": [],
          "passes": [
            "437aef19-2cf5-42a2-8bff-9e2d963a0a1b",
            "bf383ff3-aa22-48ae-abfd-2676a5b3faaf",
            "cfbef18e-f67d-483a-9f7a-01a3a6eccff1",
            "6719b1bf-af95-4893-99b8-a766f6423877",
            "bec8af67-c5f0-412f-95dd-b6811b127246",
            "597f307e-781f-4320-8159-78db9d31eaa3",
            "79376b72-9305-499f-8a46-20508884cfe2",
            "6f7670b3-7e60-4060-a12a-ca7d3da88b24",
            "3db45140-fce5-479b-b051-62e58fbfe3ed",
            "5ace97a3-c4f9-47cb-81a8-34f1a80f5be9",
            "31108ee3-46d5-41cc-9bb6-0e00c253fb41"
          ],
          "failures": [
            "1a62258f-0416-470e-b789-b9c2eaad9613"
          ],
          "pending": [],
          "skipped": [],
          "duration": 82436,
          "root": false,
          "rootEmpty": false,
          "_timeout": 2000
        }
      ],
      "passes": [],
      "failures": [],
      "pending": [],
      "skipped": [],
      "duration": 0,
      "root": true,
      "rootEmpty": true,
      "_timeout": 2000
    }
  ],
  "meta": {
    "mocha": {
      "version": "7.0.1"
    },
    "mochawesome": {
      "options": {
        "quiet": false,
        "reportFilename": "mochawesome",
        "saveHtml": false,
        "saveJson": true,
        "consoleReporter": "spec",
        "useInlineDiffs": false,
        "code": true
      },
      "version": "6.1.1"
    },
    "marge": {
      "options": {
        "id": "default",
        "reportDir": "cypress/reports/mochawesome",
        "overwrite": false,
        "html": false,
        "json": true
      },
      "version": "5.1.0"
    }
  }
}